********************************************************************************
DUPLICATOR-LITE PACKAGE-LOG: June 3, 2022 5:28 am
NOTICE: Do NOT post to public sites or forums 
********************************************************************************
VERSION:	1.4.6
WORDPRESS:	6.0
PHP INFO:	7.4.19 | SAPI: apache2handler
SERVER:		Apache/2.4.47 (Win64) OpenSSL/1.1.1k PHP/7.4.19 
PHP TIME LIMIT: (0) no time limit imposed 
PHP MAX MEMORY: 4294967296 (512M default) 
MEMORY STACK: 10MB

********************************************************************************
DATABASE:
********************************************************************************
BUILD MODE:   PHP(query limit - 100)
MYSQLTIMEOUT: 5000
MYSQLDUMP:    Not Supported
TABLES: total:21 | filtered:0 | create:21
FILTERED: []
SQL CREATED: 20220603_JovillenePenalosa_WebRebuild_c7908264399645e54588_20220603052725_database.sql
SQL FILE SIZE: 2.95MB (3093683)
SQL FILE TIME: 2022-06-03 05:28:41
SQL RUNTIME: 4.45 sec.

********************************************************************************
ARCHIVE (ZIP):
********************************************************************************
ARCHIVE DIR:  C:/laragon/www/IphiTech
ARCHIVE FILE: 20220603_JovillenePenalosa_WebRebuild_c7908264399645e54588_20220603052725_archive.zip
FILTERS: *OFF*
DIRS:
	not set
FILES:
	not set
EXTS:  not set
----------------------------------------
COMPRESSING
SIZE:	182.54MB
STATS:	Dirs 968 | Files 6,588
SQL ADDED: 20220603_JovillenePenalosa_WebRebuild_c7908264399645e54588_20220603052725_database.sql
ZipArchive Object
(
    [status] => 0
    [statusSys] => 0
    [numFiles] => 7556
    [filename] => C:\laragon\www\IphiTech\wp-content\backups-dup-lite\tmp\20220603_JovillenePenalosa_WebRebuild_c7908264399645e54588_20220603052725_archive.zip
    [comment] => 
)

FILE ADDED TO ZIP: 7555
COMPRESSION RESULT: '1'
COMPRESSED SIZE: 97.18MB
ARCHIVE RUNTIME: 300.62 sec.
MEMORY STACK: 12MB
building installer
add_extra_files1
add_extra_files2
add_extra_files3
add_extra_files4
Doing archive file check
add_extra_files5
add_extra_files6
add_extra_files8
Successfully opened zip C:/laragon/www/IphiTech/wp-content/backups-dup-lite/tmp/20220603_JovillenePenalosa_WebRebuild_c7908264399645e54588_20220603052725_archive.zip
Adding enhanced installer files to archive using ZipArchive
Installer files added to archive
Added to archive
After ziparchive close when adding installer

********************************************************************************
INTEGRITY CHECKS:
********************************************************************************
SQL FILE: 2.95MB
INSTALLER FILE: 64.61KB
ARCHIVE FILE: 98.22MB 
EXPECTED FILE/DIRECTORY COUNT: 7,556
ACTUAL FILE/DIRECTORY COUNT: 7,555
ARCHIVE CONSISTENCY TEST: Pass

********************************************************************************
RECORD ID:[1]
TOTAL PROCESS RUNTIME: 313.60 sec.
PEAK PHP MEMORY USED: 14MB
DONE PROCESSING => 20220603_JovillenePenalosa_WebRebuild June 3, 2022 5:33 am

